2013-12-19 17:35:47,191 - SimpleLog4JLogSystem initialized using logfile 'velocity.log'
2013-12-19 17:35:47,191 - ************************************************************** 
2013-12-19 17:35:47,191 - Starting Jakarta Velocity v1.4
2013-12-19 17:35:47,191 - RuntimeInstance initializing.
2013-12-19 17:35:47,191 - Default Properties File: org/apache/velocity/runtime/defaults/velocity.properties
2013-12-19 17:35:47,191 - Trying to use logger class org.apache.velocity.runtime.log.SimpleLog4JLogSystem
2013-12-19 17:35:47,191 - Using logger class org.apache.velocity.runtime.log.SimpleLog4JLogSystem
2013-12-19 17:35:47,196 - Default ResourceManager initializing. (class org.apache.velocity.runtime.resource.ResourceManagerImpl)
2013-12-19 17:35:47,199 - Resource Loader Instantiated: org.apache.velocity.runtime.resource.loader.ClasspathResourceLoader
2013-12-19 17:35:47,200 - ClasspathResourceLoader : initialization starting.
2013-12-19 17:35:47,200 - ClasspathResourceLoader : initialization complete.
2013-12-19 17:35:47,201 - ResourceCache : initialized. (class org.apache.velocity.runtime.resource.ResourceCacheImpl)
2013-12-19 17:35:47,201 - Default ResourceManager initialization complete.
2013-12-19 17:35:47,203 - Loaded System Directive: org.apache.velocity.runtime.directive.Literal
2013-12-19 17:35:47,205 - Loaded System Directive: org.apache.velocity.runtime.directive.Macro
2013-12-19 17:35:47,208 - Loaded System Directive: org.apache.velocity.runtime.directive.Parse
2013-12-19 17:35:47,212 - Loaded System Directive: org.apache.velocity.runtime.directive.Include
2013-12-19 17:35:47,213 - Loaded System Directive: org.apache.velocity.runtime.directive.Foreach
2013-12-19 17:35:47,238 - Created: 20 parsers.
2013-12-19 17:35:47,249 - Velocimacro : initialization starting.
2013-12-19 17:35:47,249 - Velocimacro : adding VMs from VM library template : VM_global_library.vm
2013-12-19 17:35:47,274 - ResourceManager : unable to find resource 'VM_global_library.vm' in any resource loader.
2013-12-19 17:35:47,274 - Velocimacro : error using  VM library template VM_global_library.vm : org.apache.velocity.exception.ResourceNotFoundException: Unable to find resource 'VM_global_library.vm'
2013-12-19 17:35:47,275 - Velocimacro :  VM library template macro registration complete.
2013-12-19 17:35:47,275 - Velocimacro : allowInline = true : VMs can be defined inline in templates
2013-12-19 17:35:47,275 - Velocimacro : allowInlineToOverride = false : VMs defined inline may NOT replace previous VM definitions
2013-12-19 17:35:47,275 - Velocimacro : allowInlineLocal = false : VMs defined inline will be  global in scope if allowed.
2013-12-19 17:35:47,275 - Velocimacro : messages on  : VM system will output logging messages
2013-12-19 17:35:47,275 - Velocimacro : autoload off  : VM system will not automatically reload global library macros
2013-12-19 17:35:47,275 - Velocimacro : initialization complete.
2013-12-19 17:35:47,275 - Velocity successfully started.
2013-12-19 18:12:10,524 - SimpleLog4JLogSystem initialized using logfile 'velocity.log'
2013-12-19 18:12:10,542 - ************************************************************** 
2013-12-19 18:12:10,542 - Starting Jakarta Velocity v1.4
2013-12-19 18:12:10,542 - RuntimeInstance initializing.
2013-12-19 18:12:10,542 - Default Properties File: org/apache/velocity/runtime/defaults/velocity.properties
2013-12-19 18:12:10,542 - Trying to use logger class org.apache.velocity.runtime.log.SimpleLog4JLogSystem
2013-12-19 18:12:10,542 - Using logger class org.apache.velocity.runtime.log.SimpleLog4JLogSystem
2013-12-19 18:12:10,547 - Default ResourceManager initializing. (class org.apache.velocity.runtime.resource.ResourceManagerImpl)
2013-12-19 18:12:10,550 - Resource Loader Instantiated: org.apache.velocity.runtime.resource.loader.ClasspathResourceLoader
2013-12-19 18:12:10,551 - ClasspathResourceLoader : initialization starting.
2013-12-19 18:12:10,551 - ClasspathResourceLoader : initialization complete.
2013-12-19 18:12:10,552 - ResourceCache : initialized. (class org.apache.velocity.runtime.resource.ResourceCacheImpl)
2013-12-19 18:12:10,552 - Default ResourceManager initialization complete.
2013-12-19 18:12:10,554 - Loaded System Directive: org.apache.velocity.runtime.directive.Literal
2013-12-19 18:12:10,556 - Loaded System Directive: org.apache.velocity.runtime.directive.Macro
2013-12-19 18:12:10,559 - Loaded System Directive: org.apache.velocity.runtime.directive.Parse
2013-12-19 18:12:10,561 - Loaded System Directive: org.apache.velocity.runtime.directive.Include
2013-12-19 18:12:10,562 - Loaded System Directive: org.apache.velocity.runtime.directive.Foreach
2013-12-19 18:12:10,589 - Created: 20 parsers.
2013-12-19 18:12:10,597 - Velocimacro : initialization starting.
2013-12-19 18:12:10,597 - Velocimacro : adding VMs from VM library template : VM_global_library.vm
2013-12-19 18:12:10,605 - ResourceManager : unable to find resource 'VM_global_library.vm' in any resource loader.
2013-12-19 18:12:10,606 - Velocimacro : error using  VM library template VM_global_library.vm : org.apache.velocity.exception.ResourceNotFoundException: Unable to find resource 'VM_global_library.vm'
2013-12-19 18:12:10,606 - Velocimacro :  VM library template macro registration complete.
2013-12-19 18:12:10,606 - Velocimacro : allowInline = true : VMs can be defined inline in templates
2013-12-19 18:12:10,606 - Velocimacro : allowInlineToOverride = false : VMs defined inline may NOT replace previous VM definitions
2013-12-19 18:12:10,606 - Velocimacro : allowInlineLocal = false : VMs defined inline will be  global in scope if allowed.
2013-12-19 18:12:10,606 - Velocimacro : messages on  : VM system will output logging messages
2013-12-19 18:12:10,606 - Velocimacro : autoload off  : VM system will not automatically reload global library macros
2013-12-19 18:12:10,606 - Velocimacro : initialization complete.
2013-12-19 18:12:10,606 - Velocity successfully started.
